Performing Curl Test HAVE_FSETXATTR_5 failed with the following output:
Change Dir: '/Users/ostepan/Desktop/GitHub/arbitrage-sports-betting/build/CMakeFiles/CMakeTmp'

Run Build Command(s): /opt/homebrew/Cellar/cmake/3.30.5/bin/cmake -E env VERBOSE=1 /usr/bin/make -f Makefile cmTC_6dd28/fast
/Applications/Xcode.app/Contents/Developer/usr/bin/make  -f CMakeFiles/cmTC_6dd28.dir/build.make CMakeFiles/cmTC_6dd28.dir/build
Building C object CMakeFiles/cmTC_6dd28.dir/CurlTests.c.o
/usr/bin/clang   -DHAVE_FSETXATTR_5  -DHAVE_LIBSSH2_H -DHAVE_STDIO_H -DHAVE_INTTYPES_H -DHAVE_SYS_FILIO_H -DHAVE_SYS_IOCTL_H -DHAVE_SYS_PARAM_H -DHAVE_SYS_POLL_H -DHAVE_SYS_RESOURCE_H -DHAVE_SYS_SELECT_H -DHAVE_SYS_SOCKET_H -DHAVE_SYS_SOCKIO_H -DHAVE_SYS_STAT_H -DHAVE_SYS_TIME_H -DHAVE_SYS_TYPES_H -DHAVE_SYS_UIO_H -DHAVE_SYS_UN_H -DHAVE_SYS_XATTR_H -DHAVE_ALLOCA_H -DHAVE_ARPA_INET_H -DHAVE_ARPA_TFTP_H -DHAVE_ASSERT_H -DHAVE_ERRNO_H -DHAVE_FCNTL_H -DHAVE_IDN2_H -DHAVE_IFADDRS_H -DHAVE_LIBGEN_H -DHAVE_LOCALE_H -DHAVE_NET_IF_H -DHAVE_NETDB_H -DHAVE_NETINET_IN_H -DHAVE_NETINET_TCP_H -DHAVE_POLL_H -DHAVE_PWD_H -DHAVE_SETJMP_H -DHAVE_SIGNAL_H -DHAVE_STDBOOL_H -DHAVE_STDINT_H -DHAVE_STDIO_H -DHAVE_STDLIB_H -DHAVE_STRING_H -DHAVE_STRINGS_H -DHAVE_TERMIOS_H -DHAVE_TIME_H -DHAVE_UNISTD_H -DHAVE_UTIME_H -DHAVE_STDDEF_H -DHAVE_DLFCN_H -DHAVE_MEMORY_H -DHAVE_NETINET_IF_ETHER_H -DHAVE_STDINT_H -DHAVE_SYS_UTSNAME_H -arch arm64 -isysroot /Applications/Xcode.app/Contents/Developer/Platforms/MacOSX.platform/Developer/SDKs/MacOSX14.5.sdk -mmacosx-version-min=14.4 -MD -MT CMakeFiles/cmTC_6dd28.dir/CurlTests.c.o -MF CMakeFiles/cmTC_6dd28.dir/CurlTests.c.o.d -o CMakeFiles/cmTC_6dd28.dir/CurlTests.c.o -c /Users/ostepan/Desktop/GitHub/arbitrage-sports-betting/build/_deps/curl-src/CMake/CurlTests.c
/Users/ostepan/Desktop/GitHub/arbitrage-sports-betting/build/_deps/curl-src/CMake/CurlTests.c:471:26: error: too few arguments to function call, expected 6, have 5
  fsetxattr(0, 0, 0, 0, 0);
  ~~~~~~~~~              ^
/Applications/Xcode.app/Contents/Developer/Platforms/MacOSX.platform/Developer/SDKs/MacOSX14.5.sdk/usr/include/sys/xattr.h:67:5: note: 'fsetxattr' declared here
int fsetxattr(int fd, const char *name, const void *value, size_t size, u_int32_t position, int options);
    ^
1 error generated.
make[1]: *** [CMakeFiles/cmTC_6dd28.dir/CurlTests.c.o] Error 1
make: *** [cmTC_6dd28/fast] Error 2


Performing Curl Test HAVE_IOCTLSOCKET failed with the following output:
Change Dir: '/Users/ostepan/Desktop/GitHub/arbitrage-sports-betting/build/CMakeFiles/CMakeTmp'

Run Build Command(s): /opt/homebrew/Cellar/cmake/3.30.5/bin/cmake -E env VERBOSE=1 /usr/bin/make -f Makefile cmTC_b9e19/fast
/Applications/Xcode.app/Contents/Developer/usr/bin/make  -f CMakeFiles/cmTC_b9e19.dir/build.make CMakeFiles/cmTC_b9e19.dir/build
Building C object CMakeFiles/cmTC_b9e19.dir/CurlTests.c.o
/usr/bin/clang   -DHAVE_IOCTLSOCKET  -DHAVE_LIBSSH2_H -DHAVE_STDIO_H -DHAVE_INTTYPES_H -DHAVE_SYS_FILIO_H -DHAVE_SYS_IOCTL_H -DHAVE_SYS_PARAM_H -DHAVE_SYS_POLL_H -DHAVE_SYS_RESOURCE_H -DHAVE_SYS_SELECT_H -DHAVE_SYS_SOCKET_H -DHAVE_SYS_SOCKIO_H -DHAVE_SYS_STAT_H -DHAVE_SYS_TIME_H -DHAVE_SYS_TYPES_H -DHAVE_SYS_UIO_H -DHAVE_SYS_UN_H -DHAVE_SYS_XATTR_H -DHAVE_ALLOCA_H -DHAVE_ARPA_INET_H -DHAVE_ARPA_TFTP_H -DHAVE_ASSERT_H -DHAVE_ERRNO_H -DHAVE_FCNTL_H -DHAVE_IDN2_H -DHAVE_IFADDRS_H -DHAVE_LIBGEN_H -DHAVE_LOCALE_H -DHAVE_NET_IF_H -DHAVE_NETDB_H -DHAVE_NETINET_IN_H -DHAVE_NETINET_TCP_H -DHAVE_POLL_H -DHAVE_PWD_H -DHAVE_SETJMP_H -DHAVE_SIGNAL_H -DHAVE_STDBOOL_H -DHAVE_STDINT_H -DHAVE_STDIO_H -DHAVE_STDLIB_H -DHAVE_STRING_H -DHAVE_STRINGS_H -DHAVE_TERMIOS_H -DHAVE_TIME_H -DHAVE_UNISTD_H -DHAVE_UTIME_H -DHAVE_STDDEF_H -DHAVE_DLFCN_H -DHAVE_MEMORY_H -DHAVE_NETINET_IF_ETHER_H -DHAVE_STDINT_H -DHAVE_SYS_UTSNAME_H -arch arm64 -isysroot /Applications/Xcode.app/Contents/Developer/Platforms/MacOSX.platform/Developer/SDKs/MacOSX14.5.sdk -mmacosx-version-min=14.4 -MD -MT CMakeFiles/cmTC_b9e19.dir/CurlTests.c.o -MF CMakeFiles/cmTC_b9e19.dir/CurlTests.c.o.d -o CMakeFiles/cmTC_b9e19.dir/CurlTests.c.o -c /Users/ostepan/Desktop/GitHub/arbitrage-sports-betting/build/_deps/curl-src/CMake/CurlTests.c
/Users/ostepan/Desktop/GitHub/arbitrage-sports-betting/build/_deps/curl-src/CMake/CurlTests.c:245:24: error: call to undeclared function 'ioctlsocket'; ISO C99 and later do not support implicit function declarations [-Wimplicit-function-declaration]
 unsigned long flags = ioctlsocket(socket, FIONBIO, &flags);
                       ^
/Users/ostepan/Desktop/GitHub/arbitrage-sports-betting/build/_deps/curl-src/CMake/CurlTests.c:245:44: error: use of undeclared identifier 'FIONBIO'
 unsigned long flags = ioctlsocket(socket, FIONBIO, &flags);
                                           ^
2 errors generated.
make[1]: *** [CMakeFiles/cmTC_b9e19.dir/CurlTests.c.o] Error 1
make: *** [cmTC_b9e19/fast] Error 2


Performing Curl Test HAVE_IOCTLSOCKET_CAMEL failed with the following output:
Change Dir: '/Users/ostepan/Desktop/GitHub/arbitrage-sports-betting/build/CMakeFiles/CMakeTmp'

Run Build Command(s): /opt/homebrew/Cellar/cmake/3.30.5/bin/cmake -E env VERBOSE=1 /usr/bin/make -f Makefile cmTC_83cde/fast
/Applications/Xcode.app/Contents/Developer/usr/bin/make  -f CMakeFiles/cmTC_83cde.dir/build.make CMakeFiles/cmTC_83cde.dir/build
Building C object CMakeFiles/cmTC_83cde.dir/CurlTests.c.o
/usr/bin/clang   -DHAVE_IOCTLSOCKET_CAMEL  -DHAVE_LIBSSH2_H -DHAVE_STDIO_H -DHAVE_INTTYPES_H -DHAVE_SYS_FILIO_H -DHAVE_SYS_IOCTL_H -DHAVE_SYS_PARAM_H -DHAVE_SYS_POLL_H -DHAVE_SYS_RESOURCE_H -DHAVE_SYS_SELECT_H -DHAVE_SYS_SOCKET_H -DHAVE_SYS_SOCKIO_H -DHAVE_SYS_STAT_H -DHAVE_SYS_TIME_H -DHAVE_SYS_TYPES_H -DHAVE_SYS_UIO_H -DHAVE_SYS_UN_H -DHAVE_SYS_XATTR_H -DHAVE_ALLOCA_H -DHAVE_ARPA_INET_H -DHAVE_ARPA_TFTP_H -DHAVE_ASSERT_H -DHAVE_ERRNO_H -DHAVE_FCNTL_H -DHAVE_IDN2_H -DHAVE_IFADDRS_H -DHAVE_LIBGEN_H -DHAVE_LOCALE_H -DHAVE_NET_IF_H -DHAVE_NETDB_H -DHAVE_NETINET_IN_H -DHAVE_NETINET_TCP_H -DHAVE_POLL_H -DHAVE_PWD_H -DHAVE_SETJMP_H -DHAVE_SIGNAL_H -DHAVE_STDBOOL_H -DHAVE_STDINT_H -DHAVE_STDIO_H -DHAVE_STDLIB_H -DHAVE_STRING_H -DHAVE_STRINGS_H -DHAVE_TERMIOS_H -DHAVE_TIME_H -DHAVE_UNISTD_H -DHAVE_UTIME_H -DHAVE_STDDEF_H -DHAVE_DLFCN_H -DHAVE_MEMORY_H -DHAVE_NETINET_IF_ETHER_H -DHAVE_STDINT_H -DHAVE_SYS_UTSNAME_H -arch arm64 -isysroot /Applications/Xcode.app/Contents/Developer/Platforms/MacOSX.platform/Developer/SDKs/MacOSX14.5.sdk -mmacosx-version-min=14.4 -MD -MT CMakeFiles/cmTC_83cde.dir/CurlTests.c.o -MF CMakeFiles/cmTC_83cde.dir/CurlTests.c.o.d -o CMakeFiles/cmTC_83cde.dir/CurlTests.c.o -c /Users/ostepan/Desktop/GitHub/arbitrage-sports-betting/build/_deps/curl-src/CMake/CurlTests.c
/Users/ostepan/Desktop/GitHub/arbitrage-sports-betting/build/_deps/curl-src/CMake/CurlTests.c:273:13: error: call to undeclared function 'IoctlSocket'; ISO C99 and later do not support implicit function declarations [-Wimplicit-function-declaration]
    if(0 != IoctlSocket(0, 0, 0))
            ^
1 error generated.
make[1]: *** [CMakeFiles/cmTC_83cde.dir/CurlTests.c.o] Error 1
make: *** [cmTC_83cde/fast] Error 2


Performing Curl Test HAVE_IOCTLSOCKET_CAMEL_FIONBIO failed with the following output:
Change Dir: '/Users/ostepan/Desktop/GitHub/arbitrage-sports-betting/build/CMakeFiles/CMakeTmp'

Run Build Command(s): /opt/homebrew/Cellar/cmake/3.30.5/bin/cmake -E env VERBOSE=1 /usr/bin/make -f Makefile cmTC_5420d/fast
/Applications/Xcode.app/Contents/Developer/usr/bin/make  -f CMakeFiles/cmTC_5420d.dir/build.make CMakeFiles/cmTC_5420d.dir/build
Building C object CMakeFiles/cmTC_5420d.dir/CurlTests.c.o
/usr/bin/clang   -DHAVE_IOCTLSOCKET_CAMEL_FIONBIO  -DHAVE_LIBSSH2_H -DHAVE_STDIO_H -DHAVE_INTTYPES_H -DHAVE_SYS_FILIO_H -DHAVE_SYS_IOCTL_H -DHAVE_SYS_PARAM_H -DHAVE_SYS_POLL_H -DHAVE_SYS_RESOURCE_H -DHAVE_SYS_SELECT_H -DHAVE_SYS_SOCKET_H -DHAVE_SYS_SOCKIO_H -DHAVE_SYS_STAT_H -DHAVE_SYS_TIME_H -DHAVE_SYS_TYPES_H -DHAVE_SYS_UIO_H -DHAVE_SYS_UN_H -DHAVE_SYS_XATTR_H -DHAVE_ALLOCA_H -DHAVE_ARPA_INET_H -DHAVE_ARPA_TFTP_H -DHAVE_ASSERT_H -DHAVE_ERRNO_H -DHAVE_FCNTL_H -DHAVE_IDN2_H -DHAVE_IFADDRS_H -DHAVE_LIBGEN_H -DHAVE_LOCALE_H -DHAVE_NET_IF_H -DHAVE_NETDB_H -DHAVE_NETINET_IN_H -DHAVE_NETINET_TCP_H -DHAVE_POLL_H -DHAVE_PWD_H -DHAVE_SETJMP_H -DHAVE_SIGNAL_H -DHAVE_STDBOOL_H -DHAVE_STDINT_H -DHAVE_STDIO_H -DHAVE_STDLIB_H -DHAVE_STRING_H -DHAVE_STRINGS_H -DHAVE_TERMIOS_H -DHAVE_TIME_H -DHAVE_UNISTD_H -DHAVE_UTIME_H -DHAVE_STDDEF_H -DHAVE_DLFCN_H -DHAVE_MEMORY_H -DHAVE_NETINET_IF_ETHER_H -DHAVE_STDINT_H -DHAVE_SYS_UTSNAME_H -arch arm64 -isysroot /Applications/Xcode.app/Contents/Developer/Platforms/MacOSX.platform/Developer/SDKs/MacOSX14.5.sdk -mmacosx-version-min=14.4 -MD -MT CMakeFiles/cmTC_5420d.dir/CurlTests.c.o -MF CMakeFiles/cmTC_5420d.dir/CurlTests.c.o.d -o CMakeFiles/cmTC_5420d.dir/CurlTests.c.o -c /Users/ostepan/Desktop/GitHub/arbitrage-sports-betting/build/_deps/curl-src/CMake/CurlTests.c
/Users/ostepan/Desktop/GitHub/arbitrage-sports-betting/build/_deps/curl-src/CMake/CurlTests.c:301:17: error: call to undeclared function 'IoctlSocket'; ISO C99 and later do not support implicit function declarations [-Wimplicit-function-declaration]
        if(0 != IoctlSocket(0, FIONBIO, &flags))
                ^
/Users/ostepan/Desktop/GitHub/arbitrage-sports-betting/build/_deps/curl-src/CMake/CurlTests.c:301:32: error: use of undeclared identifier 'FIONBIO'
        if(0 != IoctlSocket(0, FIONBIO, &flags))
                               ^
2 errors generated.
make[1]: *** [CMakeFiles/cmTC_5420d.dir/CurlTests.c.o] Error 1
make: *** [cmTC_5420d/fast] Error 2


Performing Curl Test HAVE_IOCTLSOCKET_FIONBIO failed with the following output:
Change Dir: '/Users/ostepan/Desktop/GitHub/arbitrage-sports-betting/build/CMakeFiles/CMakeTmp'

Run Build Command(s): /opt/homebrew/Cellar/cmake/3.30.5/bin/cmake -E env VERBOSE=1 /usr/bin/make -f Makefile cmTC_b8db4/fast
/Applications/Xcode.app/Contents/Developer/usr/bin/make  -f CMakeFiles/cmTC_b8db4.dir/build.make CMakeFiles/cmTC_b8db4.dir/build
Building C object CMakeFiles/cmTC_b8db4.dir/CurlTests.c.o
/usr/bin/clang   -DHAVE_IOCTLSOCKET_FIONBIO  -DHAVE_LIBSSH2_H -DHAVE_STDIO_H -DHAVE_INTTYPES_H -DHAVE_SYS_FILIO_H -DHAVE_SYS_IOCTL_H -DHAVE_SYS_PARAM_H -DHAVE_SYS_POLL_H -DHAVE_SYS_RESOURCE_H -DHAVE_SYS_SELECT_H -DHAVE_SYS_SOCKET_H -DHAVE_SYS_SOCKIO_H -DHAVE_SYS_STAT_H -DHAVE_SYS_TIME_H -DHAVE_SYS_TYPES_H -DHAVE_SYS_UIO_H -DHAVE_SYS_UN_H -DHAVE_SYS_XATTR_H -DHAVE_ALLOCA_H -DHAVE_ARPA_INET_H -DHAVE_ARPA_TFTP_H -DHAVE_ASSERT_H -DHAVE_ERRNO_H -DHAVE_FCNTL_H -DHAVE_IDN2_H -DHAVE_IFADDRS_H -DHAVE_LIBGEN_H -DHAVE_LOCALE_H -DHAVE_NET_IF_H -DHAVE_NETDB_H -DHAVE_NETINET_IN_H -DHAVE_NETINET_TCP_H -DHAVE_POLL_H -DHAVE_PWD_H -DHAVE_SETJMP_H -DHAVE_SIGNAL_H -DHAVE_STDBOOL_H -DHAVE_STDINT_H -DHAVE_STDIO_H -DHAVE_STDLIB_H -DHAVE_STRING_H -DHAVE_STRINGS_H -DHAVE_TERMIOS_H -DHAVE_TIME_H -DHAVE_UNISTD_H -DHAVE_UTIME_H -DHAVE_STDDEF_H -DHAVE_DLFCN_H -DHAVE_MEMORY_H -DHAVE_NETINET_IF_ETHER_H -DHAVE_STDINT_H -DHAVE_SYS_UTSNAME_H -arch arm64 -isysroot /Applications/Xcode.app/Contents/Developer/Platforms/MacOSX.platform/Developer/SDKs/MacOSX14.5.sdk -mmacosx-version-min=14.4 -MD -MT CMakeFiles/cmTC_b8db4.dir/CurlTests.c.o -MF CMakeFiles/cmTC_b8db4.dir/CurlTests.c.o.d -o CMakeFiles/cmTC_b8db4.dir/CurlTests.c.o -c /Users/ostepan/Desktop/GitHub/arbitrage-sports-betting/build/_deps/curl-src/CMake/CurlTests.c
/Users/ostepan/Desktop/GitHub/arbitrage-sports-betting/build/_deps/curl-src/CMake/CurlTests.c:328:17: error: call to undeclared function 'ioctlsocket'; ISO C99 and later do not support implicit function declarations [-Wimplicit-function-declaration]
        if(0 != ioctlsocket(0, FIONBIO, &flags))
                ^
/Users/ostepan/Desktop/GitHub/arbitrage-sports-betting/build/_deps/curl-src/CMake/CurlTests.c:328:32: error: use of undeclared identifier 'FIONBIO'
        if(0 != ioctlsocket(0, FIONBIO, &flags))
                               ^
2 errors generated.
make[1]: *** [CMakeFiles/cmTC_b8db4.dir/CurlTests.c.o] Error 1
make: *** [cmTC_b8db4/fast] Error 2


Performing Curl Test HAVE_SETSOCKOPT_SO_NONBLOCK failed with the following output:
Change Dir: '/Users/ostepan/Desktop/GitHub/arbitrage-sports-betting/build/CMakeFiles/CMakeTmp'

Run Build Command(s): /opt/homebrew/Cellar/cmake/3.30.5/bin/cmake -E env VERBOSE=1 /usr/bin/make -f Makefile cmTC_b0e54/fast
/Applications/Xcode.app/Contents/Developer/usr/bin/make  -f CMakeFiles/cmTC_b0e54.dir/build.make CMakeFiles/cmTC_b0e54.dir/build
Building C object CMakeFiles/cmTC_b0e54.dir/CurlTests.c.o
/usr/bin/clang   -DHAVE_SETSOCKOPT_SO_NONBLOCK  -DHAVE_LIBSSH2_H -DHAVE_STDIO_H -DHAVE_INTTYPES_H -DHAVE_SYS_FILIO_H -DHAVE_SYS_IOCTL_H -DHAVE_SYS_PARAM_H -DHAVE_SYS_POLL_H -DHAVE_SYS_RESOURCE_H -DHAVE_SYS_SELECT_H -DHAVE_SYS_SOCKET_H -DHAVE_SYS_SOCKIO_H -DHAVE_SYS_STAT_H -DHAVE_SYS_TIME_H -DHAVE_SYS_TYPES_H -DHAVE_SYS_UIO_H -DHAVE_SYS_UN_H -DHAVE_SYS_XATTR_H -DHAVE_ALLOCA_H -DHAVE_ARPA_INET_H -DHAVE_ARPA_TFTP_H -DHAVE_ASSERT_H -DHAVE_ERRNO_H -DHAVE_FCNTL_H -DHAVE_IDN2_H -DHAVE_IFADDRS_H -DHAVE_LIBGEN_H -DHAVE_LOCALE_H -DHAVE_NET_IF_H -DHAVE_NETDB_H -DHAVE_NETINET_IN_H -DHAVE_NETINET_TCP_H -DHAVE_POLL_H -DHAVE_PWD_H -DHAVE_SETJMP_H -DHAVE_SIGNAL_H -DHAVE_STDBOOL_H -DHAVE_STDINT_H -DHAVE_STDIO_H -DHAVE_STDLIB_H -DHAVE_STRING_H -DHAVE_STRINGS_H -DHAVE_TERMIOS_H -DHAVE_TIME_H -DHAVE_UNISTD_H -DHAVE_UTIME_H -DHAVE_STDDEF_H -DHAVE_DLFCN_H -DHAVE_MEMORY_H -DHAVE_NETINET_IF_ETHER_H -DHAVE_STDINT_H -DHAVE_SYS_UTSNAME_H -arch arm64 -isysroot /Applications/Xcode.app/Contents/Developer/Platforms/MacOSX.platform/Developer/SDKs/MacOSX14.5.sdk -mmacosx-version-min=14.4 -MD -MT CMakeFiles/cmTC_b0e54.dir/CurlTests.c.o -MF CMakeFiles/cmTC_b0e54.dir/CurlTests.c.o.d -o CMakeFiles/cmTC_b0e54.dir/CurlTests.c.o -c /Users/ostepan/Desktop/GitHub/arbitrage-sports-betting/build/_deps/curl-src/CMake/CurlTests.c
/Users/ostepan/Desktop/GitHub/arbitrage-sports-betting/build/_deps/curl-src/CMake/CurlTests.c:424:43: error: use of undeclared identifier 'SO_NONBLOCK'
        if(0 != setsockopt(0, SOL_SOCKET, SO_NONBLOCK, 0, 0))
                                          ^
1 error generated.
make[1]: *** [CMakeFiles/cmTC_b0e54.dir/CurlTests.c.o] Error 1
make: *** [cmTC_b0e54/fast] Error 2


Performing Curl Test HAVE_O_NONBLOCK failed with the following output:
Change Dir: '/Users/ostepan/Desktop/GitHub/arbitrage-sports-betting/build/CMakeFiles/CMakeTmp'

Run Build Command(s): /opt/homebrew/Cellar/cmake/3.30.5/bin/cmake -E env VERBOSE=1 /usr/bin/make -f Makefile cmTC_2d951/fast
/Applications/Xcode.app/Contents/Developer/usr/bin/make  -f CMakeFiles/cmTC_2d951.dir/build.make CMakeFiles/cmTC_2d951.dir/build
Building C object CMakeFiles/cmTC_2d951.dir/CurlTests.c.o
/usr/bin/clang   -DHAVE_O_NONBLOCK  -DHAVE_LIBSSH2_H -DHAVE_STDIO_H -DHAVE_INTTYPES_H -DHAVE_SYS_FILIO_H -DHAVE_SYS_IOCTL_H -DHAVE_SYS_PARAM_H -DHAVE_SYS_POLL_H -DHAVE_SYS_RESOURCE_H -DHAVE_SYS_SELECT_H -DHAVE_SYS_SOCKET_H -DHAVE_SYS_SOCKIO_H -DHAVE_SYS_STAT_H -DHAVE_SYS_TIME_H -DHAVE_SYS_TYPES_H -DHAVE_SYS_UIO_H -DHAVE_SYS_UN_H -DHAVE_SYS_XATTR_H -DHAVE_ALLOCA_H -DHAVE_ARPA_INET_H -DHAVE_ARPA_TFTP_H -DHAVE_ASSERT_H -DHAVE_ERRNO_H -DHAVE_FCNTL_H -DHAVE_IDN2_H -DHAVE_IFADDRS_H -DHAVE_LIBGEN_H -DHAVE_LOCALE_H -DHAVE_NET_IF_H -DHAVE_NETDB_H -DHAVE_NETINET_IN_H -DHAVE_NETINET_TCP_H -DHAVE_POLL_H -DHAVE_PWD_H -DHAVE_SETJMP_H -DHAVE_SIGNAL_H -DHAVE_STDBOOL_H -DHAVE_STDINT_H -DHAVE_STDIO_H -DHAVE_STDLIB_H -DHAVE_STRING_H -DHAVE_STRINGS_H -DHAVE_TERMIOS_H -DHAVE_TIME_H -DHAVE_UNISTD_H -DHAVE_UTIME_H -DHAVE_STDDEF_H -DHAVE_DLFCN_H -DHAVE_MEMORY_H -DHAVE_NETINET_IF_ETHER_H -DHAVE_STDINT_H -DHAVE_SYS_UTSNAME_H -arch arm64 -isysroot /Applications/Xcode.app/Contents/Developer/Platforms/MacOSX.platform/Developer/SDKs/MacOSX14.5.sdk -mmacosx-version-min=14.4 -MD -MT CMakeFiles/cmTC_2d951.dir/CurlTests.c.o -MF CMakeFiles/cmTC_2d951.dir/CurlTests.c.o.d -o CMakeFiles/cmTC_2d951.dir/CurlTests.c.o -c /Users/ostepan/Desktop/GitHub/arbitrage-sports-betting/build/_deps/curl-src/CMake/CurlTests.c
Linking C executable cmTC_2d951
/opt/homebrew/Cellar/cmake/3.30.5/bin/cmake -E cmake_link_script CMakeFiles/cmTC_2d951.dir/link.txt --verbose=1
/usr/bin/clang  -DHAVE_O_NONBLOCK  -DHAVE_LIBSSH2_H -DHAVE_STDIO_H -DHAVE_INTTYPES_H -DHAVE_SYS_FILIO_H -DHAVE_SYS_IOCTL_H -DHAVE_SYS_PARAM_H -DHAVE_SYS_POLL_H -DHAVE_SYS_RESOURCE_H -DHAVE_SYS_SELECT_H -DHAVE_SYS_SOCKET_H -DHAVE_SYS_SOCKIO_H -DHAVE_SYS_STAT_H -DHAVE_SYS_TIME_H -DHAVE_SYS_TYPES_H -DHAVE_SYS_UIO_H -DHAVE_SYS_UN_H -DHAVE_SYS_XATTR_H -DHAVE_ALLOCA_H -DHAVE_ARPA_INET_H -DHAVE_ARPA_TFTP_H -DHAVE_ASSERT_H -DHAVE_ERRNO_H -DHAVE_FCNTL_H -DHAVE_IDN2_H -DHAVE_IFADDRS_H -DHAVE_LIBGEN_H -DHAVE_LOCALE_H -DHAVE_NET_IF_H -DHAVE_NETDB_H -DHAVE_NETINET_IN_H -DHAVE_NETINET_TCP_H -DHAVE_POLL_H -DHAVE_PWD_H -DHAVE_SETJMP_H -DHAVE_SIGNAL_H -DHAVE_STDBOOL_H -DHAVE_STDINT_H -DHAVE_STDIO_H -DHAVE_STDLIB_H -DHAVE_STRING_H -DHAVE_STRINGS_H -DHAVE_TERMIOS_H -DHAVE_TIME_H -DHAVE_UNISTD_H -DHAVE_UTIME_H -DHAVE_STDDEF_H -DHAVE_DLFCN_H -DHAVE_MEMORY_H -DHAVE_NETINET_IF_ETHER_H -DHAVE_STDINT_H -DHAVE_SYS_UTSNAME_H -arch arm64 -isysroot /Applications/Xcode.app/Contents/Developer/Platforms/MacOSX.platform/Developer/SDKs/MacOSX14.5.sdk -mmacosx-version-min=14.4 -Wl,-search_paths_first -Wl,-headerpad_max_install_names CMakeFiles/cmTC_2d951.dir/CurlTests.c.o -o cmTC_2d951
Undefined symbols for architecture arm64:
  "_main", referenced from:
      <initial-undefines>
ld: symbol(s) not found for architecture arm64
clang: error: linker command failed with exit code 1 (use -v to see invocation)
make[1]: *** [cmTC_2d951] Error 1
make: *** [cmTC_2d951/fast] Error 2


Performing Curl Test HAVE_GETHOSTBYNAME_R_3 failed with the following output:
Change Dir: '/Users/ostepan/Desktop/GitHub/arbitrage-sports-betting/build/CMakeFiles/CMakeTmp'

Run Build Command(s): /opt/homebrew/Cellar/cmake/3.30.5/bin/cmake -E env VERBOSE=1 /usr/bin/make -f Makefile cmTC_87746/fast
/Applications/Xcode.app/Contents/Developer/usr/bin/make  -f CMakeFiles/cmTC_87746.dir/build.make CMakeFiles/cmTC_87746.dir/build
Building C object CMakeFiles/cmTC_87746.dir/CurlTests.c.o
/usr/bin/clang   -DHAVE_GETHOSTBYNAME_R_3  -DHAVE_LIBSSH2_H -DHAVE_STDIO_H -DHAVE_INTTYPES_H -DHAVE_SYS_FILIO_H -DHAVE_SYS_IOCTL_H -DHAVE_SYS_PARAM_H -DHAVE_SYS_POLL_H -DHAVE_SYS_RESOURCE_H -DHAVE_SYS_SELECT_H -DHAVE_SYS_SOCKET_H -DHAVE_SYS_SOCKIO_H -DHAVE_SYS_STAT_H -DHAVE_SYS_TIME_H -DHAVE_SYS_TYPES_H -DHAVE_SYS_UIO_H -DHAVE_SYS_UN_H -DHAVE_SYS_XATTR_H -DHAVE_ALLOCA_H -DHAVE_ARPA_INET_H -DHAVE_ARPA_TFTP_H -DHAVE_ASSERT_H -DHAVE_ERRNO_H -DHAVE_FCNTL_H -DHAVE_IDN2_H -DHAVE_IFADDRS_H -DHAVE_LIBGEN_H -DHAVE_LOCALE_H -DHAVE_NET_IF_H -DHAVE_NETDB_H -DHAVE_NETINET_IN_H -DHAVE_NETINET_TCP_H -DHAVE_POLL_H -DHAVE_PWD_H -DHAVE_SETJMP_H -DHAVE_SIGNAL_H -DHAVE_STDBOOL_H -DHAVE_STDINT_H -DHAVE_STDIO_H -DHAVE_STDLIB_H -DHAVE_STRING_H -DHAVE_STRINGS_H -DHAVE_TERMIOS_H -DHAVE_TIME_H -DHAVE_UNISTD_H -DHAVE_UTIME_H -DHAVE_STDDEF_H -DHAVE_DLFCN_H -DHAVE_MEMORY_H -DHAVE_NETINET_IF_ETHER_H -DHAVE_STDINT_H -DHAVE_SYS_UTSNAME_H -arch arm64 -isysroot /Applications/Xcode.app/Contents/Developer/Platforms/MacOSX.platform/Developer/SDKs/MacOSX14.5.sdk -mmacosx-version-min=14.4 -MD -MT CMakeFiles/cmTC_87746.dir/CurlTests.c.o -MF CMakeFiles/cmTC_87746.dir/CurlTests.c.o.d -o CMakeFiles/cmTC_87746.dir/CurlTests.c.o -c /Users/ostepan/Desktop/GitHub/arbitrage-sports-betting/build/_deps/curl-src/CMake/CurlTests.c
/Users/ostepan/Desktop/GitHub/arbitrage-sports-betting/build/_deps/curl-src/CMake/CurlTests.c:97:23: error: variable has incomplete type 'struct hostent_data'
  struct hostent_data hdata;
                      ^
/Users/ostepan/Desktop/GitHub/arbitrage-sports-betting/build/_deps/curl-src/CMake/CurlTests.c:97:10: note: forward declaration of 'struct hostent_data'
  struct hostent_data hdata;
         ^
/Users/ostepan/Desktop/GitHub/arbitrage-sports-betting/build/_deps/curl-src/CMake/CurlTests.c:109:8: error: call to undeclared function 'gethostbyname_r'; ISO C99 and later do not support implicit function declarations [-Wimplicit-function-declaration]
  rc = gethostbyname_r(address, &h, &hdata);
       ^
2 errors generated.
make[1]: *** [CMakeFiles/cmTC_87746.dir/CurlTests.c.o] Error 1
make: *** [cmTC_87746/fast] Error 2


Performing Curl Test HAVE_GETHOSTBYNAME_R_5 failed with the following output:
Change Dir: '/Users/ostepan/Desktop/GitHub/arbitrage-sports-betting/build/CMakeFiles/CMakeTmp'

Run Build Command(s): /opt/homebrew/Cellar/cmake/3.30.5/bin/cmake -E env VERBOSE=1 /usr/bin/make -f Makefile cmTC_58876/fast
/Applications/Xcode.app/Contents/Developer/usr/bin/make  -f CMakeFiles/cmTC_58876.dir/build.make CMakeFiles/cmTC_58876.dir/build
Building C object CMakeFiles/cmTC_58876.dir/CurlTests.c.o
/usr/bin/clang   -DHAVE_GETHOSTBYNAME_R_5  -DHAVE_LIBSSH2_H -DHAVE_STDIO_H -DHAVE_INTTYPES_H -DHAVE_SYS_FILIO_H -DHAVE_SYS_IOCTL_H -DHAVE_SYS_PARAM_H -DHAVE_SYS_POLL_H -DHAVE_SYS_RESOURCE_H -DHAVE_SYS_SELECT_H -DHAVE_SYS_SOCKET_H -DHAVE_SYS_SOCKIO_H -DHAVE_SYS_STAT_H -DHAVE_SYS_TIME_H -DHAVE_SYS_TYPES_H -DHAVE_SYS_UIO_H -DHAVE_SYS_UN_H -DHAVE_SYS_XATTR_H -DHAVE_ALLOCA_H -DHAVE_ARPA_INET_H -DHAVE_ARPA_TFTP_H -DHAVE_ASSERT_H -DHAVE_ERRNO_H -DHAVE_FCNTL_H -DHAVE_IDN2_H -DHAVE_IFADDRS_H -DHAVE_LIBGEN_H -DHAVE_LOCALE_H -DHAVE_NET_IF_H -DHAVE_NETDB_H -DHAVE_NETINET_IN_H -DHAVE_NETINET_TCP_H -DHAVE_POLL_H -DHAVE_PWD_H -DHAVE_SETJMP_H -DHAVE_SIGNAL_H -DHAVE_STDBOOL_H -DHAVE_STDINT_H -DHAVE_STDIO_H -DHAVE_STDLIB_H -DHAVE_STRING_H -DHAVE_STRINGS_H -DHAVE_TERMIOS_H -DHAVE_TIME_H -DHAVE_UNISTD_H -DHAVE_UTIME_H -DHAVE_STDDEF_H -DHAVE_DLFCN_H -DHAVE_MEMORY_H -DHAVE_NETINET_IF_ETHER_H -DHAVE_STDINT_H -DHAVE_SYS_UTSNAME_H -arch arm64 -isysroot /Applications/Xcode.app/Contents/Developer/Platforms/MacOSX.platform/Developer/SDKs/MacOSX14.5.sdk -mmacosx-version-min=14.4 -MD -MT CMakeFiles/cmTC_58876.dir/CurlTests.c.o -MF CMakeFiles/cmTC_58876.dir/CurlTests.c.o.d -o CMakeFiles/cmTC_58876.dir/CurlTests.c.o -c /Users/ostepan/Desktop/GitHub/arbitrage-sports-betting/build/_deps/curl-src/CMake/CurlTests.c
/Users/ostepan/Desktop/GitHub/arbitrage-sports-betting/build/_deps/curl-src/CMake/CurlTests.c:112:8: error: call to undeclared function 'gethostbyname_r'; ISO C99 and later do not support implicit function declarations [-Wimplicit-function-declaration]
  rc = gethostbyname_r(address, &h, buffer, 8192, &h_errnop);
       ^
1 error generated.
make[1]: *** [CMakeFiles/cmTC_58876.dir/CurlTests.c.o] Error 1
make: *** [cmTC_58876/fast] Error 2


Performing Curl Test HAVE_GETHOSTBYNAME_R_6 failed with the following output:
Change Dir: '/Users/ostepan/Desktop/GitHub/arbitrage-sports-betting/build/CMakeFiles/CMakeTmp'

Run Build Command(s): /opt/homebrew/Cellar/cmake/3.30.5/bin/cmake -E env VERBOSE=1 /usr/bin/make -f Makefile cmTC_16228/fast
/Applications/Xcode.app/Contents/Developer/usr/bin/make  -f CMakeFiles/cmTC_16228.dir/build.make CMakeFiles/cmTC_16228.dir/build
Building C object CMakeFiles/cmTC_16228.dir/CurlTests.c.o
/usr/bin/clang   -DHAVE_GETHOSTBYNAME_R_6  -DHAVE_LIBSSH2_H -DHAVE_STDIO_H -DHAVE_INTTYPES_H -DHAVE_SYS_FILIO_H -DHAVE_SYS_IOCTL_H -DHAVE_SYS_PARAM_H -DHAVE_SYS_POLL_H -DHAVE_SYS_RESOURCE_H -DHAVE_SYS_SELECT_H -DHAVE_SYS_SOCKET_H -DHAVE_SYS_SOCKIO_H -DHAVE_SYS_STAT_H -DHAVE_SYS_TIME_H -DHAVE_SYS_TYPES_H -DHAVE_SYS_UIO_H -DHAVE_SYS_UN_H -DHAVE_SYS_XATTR_H -DHAVE_ALLOCA_H -DHAVE_ARPA_INET_H -DHAVE_ARPA_TFTP_H -DHAVE_ASSERT_H -DHAVE_ERRNO_H -DHAVE_FCNTL_H -DHAVE_IDN2_H -DHAVE_IFADDRS_H -DHAVE_LIBGEN_H -DHAVE_LOCALE_H -DHAVE_NET_IF_H -DHAVE_NETDB_H -DHAVE_NETINET_IN_H -DHAVE_NETINET_TCP_H -DHAVE_POLL_H -DHAVE_PWD_H -DHAVE_SETJMP_H -DHAVE_SIGNAL_H -DHAVE_STDBOOL_H -DHAVE_STDINT_H -DHAVE_STDIO_H -DHAVE_STDLIB_H -DHAVE_STRING_H -DHAVE_STRINGS_H -DHAVE_TERMIOS_H -DHAVE_TIME_H -DHAVE_UNISTD_H -DHAVE_UTIME_H -DHAVE_STDDEF_H -DHAVE_DLFCN_H -DHAVE_MEMORY_H -DHAVE_NETINET_IF_ETHER_H -DHAVE_STDINT_H -DHAVE_SYS_UTSNAME_H -arch arm64 -isysroot /Applications/Xcode.app/Contents/Developer/Platforms/MacOSX.platform/Developer/SDKs/MacOSX14.5.sdk -mmacosx-version-min=14.4 -MD -MT CMakeFiles/cmTC_16228.dir/CurlTests.c.o -MF CMakeFiles/cmTC_16228.dir/CurlTests.c.o.d -o CMakeFiles/cmTC_16228.dir/CurlTests.c.o -c /Users/ostepan/Desktop/GitHub/arbitrage-sports-betting/build/_deps/curl-src/CMake/CurlTests.c
/Users/ostepan/Desktop/GitHub/arbitrage-sports-betting/build/_deps/curl-src/CMake/CurlTests.c:116:8: error: call to undeclared function 'gethostbyname_r'; ISO C99 and later do not support implicit function declarations [-Wimplicit-function-declaration]
  rc = gethostbyname_r(address, &h, buffer, 8192, &hp, &h_errnop);
       ^
1 error generated.
make[1]: *** [CMakeFiles/cmTC_16228.dir/CurlTests.c.o] Error 1
make: *** [cmTC_16228/fast] Error 2


Performing Curl Test HAVE_GETHOSTBYNAME_R_3_REENTRANT failed with the following output:
Change Dir: '/Users/ostepan/Desktop/GitHub/arbitrage-sports-betting/build/CMakeFiles/CMakeTmp'

Run Build Command(s): /opt/homebrew/Cellar/cmake/3.30.5/bin/cmake -E env VERBOSE=1 /usr/bin/make -f Makefile cmTC_5e9e0/fast
/Applications/Xcode.app/Contents/Developer/usr/bin/make  -f CMakeFiles/cmTC_5e9e0.dir/build.make CMakeFiles/cmTC_5e9e0.dir/build
Building C object CMakeFiles/cmTC_5e9e0.dir/CurlTests.c.o
/usr/bin/clang   -DHAVE_GETHOSTBYNAME_R_3_REENTRANT  -DHAVE_LIBSSH2_H -DHAVE_STDIO_H -DHAVE_INTTYPES_H -DHAVE_SYS_FILIO_H -DHAVE_SYS_IOCTL_H -DHAVE_SYS_PARAM_H -DHAVE_SYS_POLL_H -DHAVE_SYS_RESOURCE_H -DHAVE_SYS_SELECT_H -DHAVE_SYS_SOCKET_H -DHAVE_SYS_SOCKIO_H -DHAVE_SYS_STAT_H -DHAVE_SYS_TIME_H -DHAVE_SYS_TYPES_H -DHAVE_SYS_UIO_H -DHAVE_SYS_UN_H -DHAVE_SYS_XATTR_H -DHAVE_ALLOCA_H -DHAVE_ARPA_INET_H -DHAVE_ARPA_TFTP_H -DHAVE_ASSERT_H -DHAVE_ERRNO_H -DHAVE_FCNTL_H -DHAVE_IDN2_H -DHAVE_IFADDRS_H -DHAVE_LIBGEN_H -DHAVE_LOCALE_H -DHAVE_NET_IF_H -DHAVE_NETDB_H -DHAVE_NETINET_IN_H -DHAVE_NETINET_TCP_H -DHAVE_POLL_H -DHAVE_PWD_H -DHAVE_SETJMP_H -DHAVE_SIGNAL_H -DHAVE_STDBOOL_H -DHAVE_STDINT_H -DHAVE_STDIO_H -DHAVE_STDLIB_H -DHAVE_STRING_H -DHAVE_STRINGS_H -DHAVE_TERMIOS_H -DHAVE_TIME_H -DHAVE_UNISTD_H -DHAVE_UTIME_H -DHAVE_STDDEF_H -DHAVE_DLFCN_H -DHAVE_MEMORY_H -DHAVE_NETINET_IF_ETHER_H -DHAVE_STDINT_H -DHAVE_SYS_UTSNAME_H -arch arm64 -isysroot /Applications/Xcode.app/Contents/Developer/Platforms/MacOSX.platform/Developer/SDKs/MacOSX14.5.sdk -mmacosx-version-min=14.4 -MD -MT CMakeFiles/cmTC_5e9e0.dir/CurlTests.c.o -MF CMakeFiles/cmTC_5e9e0.dir/CurlTests.c.o.d -o CMakeFiles/cmTC_5e9e0.dir/CurlTests.c.o -c /Users/ostepan/Desktop/GitHub/arbitrage-sports-betting/build/_deps/curl-src/CMake/CurlTests.c
/Users/ostepan/Desktop/GitHub/arbitrage-sports-betting/build/_deps/curl-src/CMake/CurlTests.c:97:23: error: variable has incomplete type 'struct hostent_data'
  struct hostent_data hdata;
                      ^
/Users/ostepan/Desktop/GitHub/arbitrage-sports-betting/build/_deps/curl-src/CMake/CurlTests.c:97:10: note: forward declaration of 'struct hostent_data'
  struct hostent_data hdata;
         ^
/Users/ostepan/Desktop/GitHub/arbitrage-sports-betting/build/_deps/curl-src/CMake/CurlTests.c:109:8: error: call to undeclared function 'gethostbyname_r'; ISO C99 and later do not support implicit function declarations [-Wimplicit-function-declaration]
  rc = gethostbyname_r(address, &h, &hdata);
       ^
2 errors generated.
make[1]: *** [CMakeFiles/cmTC_5e9e0.dir/CurlTests.c.o] Error 1
make: *** [cmTC_5e9e0/fast] Error 2


Performing Curl Test HAVE_GETHOSTBYNAME_R_5_REENTRANT failed with the following output:
Change Dir: '/Users/ostepan/Desktop/GitHub/arbitrage-sports-betting/build/CMakeFiles/CMakeTmp'

Run Build Command(s): /opt/homebrew/Cellar/cmake/3.30.5/bin/cmake -E env VERBOSE=1 /usr/bin/make -f Makefile cmTC_f3b37/fast
/Applications/Xcode.app/Contents/Developer/usr/bin/make  -f CMakeFiles/cmTC_f3b37.dir/build.make CMakeFiles/cmTC_f3b37.dir/build
Building C object CMakeFiles/cmTC_f3b37.dir/CurlTests.c.o
/usr/bin/clang   -DHAVE_GETHOSTBYNAME_R_5_REENTRANT  -DHAVE_LIBSSH2_H -DHAVE_STDIO_H -DHAVE_INTTYPES_H -DHAVE_SYS_FILIO_H -DHAVE_SYS_IOCTL_H -DHAVE_SYS_PARAM_H -DHAVE_SYS_POLL_H -DHAVE_SYS_RESOURCE_H -DHAVE_SYS_SELECT_H -DHAVE_SYS_SOCKET_H -DHAVE_SYS_SOCKIO_H -DHAVE_SYS_STAT_H -DHAVE_SYS_TIME_H -DHAVE_SYS_TYPES_H -DHAVE_SYS_UIO_H -DHAVE_SYS_UN_H -DHAVE_SYS_XATTR_H -DHAVE_ALLOCA_H -DHAVE_ARPA_INET_H -DHAVE_ARPA_TFTP_H -DHAVE_ASSERT_H -DHAVE_ERRNO_H -DHAVE_FCNTL_H -DHAVE_IDN2_H -DHAVE_IFADDRS_H -DHAVE_LIBGEN_H -DHAVE_LOCALE_H -DHAVE_NET_IF_H -DHAVE_NETDB_H -DHAVE_NETINET_IN_H -DHAVE_NETINET_TCP_H -DHAVE_POLL_H -DHAVE_PWD_H -DHAVE_SETJMP_H -DHAVE_SIGNAL_H -DHAVE_STDBOOL_H -DHAVE_STDINT_H -DHAVE_STDIO_H -DHAVE_STDLIB_H -DHAVE_STRING_H -DHAVE_STRINGS_H -DHAVE_TERMIOS_H -DHAVE_TIME_H -DHAVE_UNISTD_H -DHAVE_UTIME_H -DHAVE_STDDEF_H -DHAVE_DLFCN_H -DHAVE_MEMORY_H -DHAVE_NETINET_IF_ETHER_H -DHAVE_STDINT_H -DHAVE_SYS_UTSNAME_H -arch arm64 -isysroot /Applications/Xcode.app/Contents/Developer/Platforms/MacOSX.platform/Developer/SDKs/MacOSX14.5.sdk -mmacosx-version-min=14.4 -MD -MT CMakeFiles/cmTC_f3b37.dir/CurlTests.c.o -MF CMakeFiles/cmTC_f3b37.dir/CurlTests.c.o.d -o CMakeFiles/cmTC_f3b37.dir/CurlTests.c.o -c /Users/ostepan/Desktop/GitHub/arbitrage-sports-betting/build/_deps/curl-src/CMake/CurlTests.c
/Users/ostepan/Desktop/GitHub/arbitrage-sports-betting/build/_deps/curl-src/CMake/CurlTests.c:112:8: error: call to undeclared function 'gethostbyname_r'; ISO C99 and later do not support implicit function declarations [-Wimplicit-function-declaration]
  rc = gethostbyname_r(address, &h, buffer, 8192, &h_errnop);
       ^
1 error generated.
make[1]: *** [CMakeFiles/cmTC_f3b37.dir/CurlTests.c.o] Error 1
make: *** [cmTC_f3b37/fast] Error 2


Performing Curl Test HAVE_GETHOSTBYNAME_R_6_REENTRANT failed with the following output:
Change Dir: '/Users/ostepan/Desktop/GitHub/arbitrage-sports-betting/build/CMakeFiles/CMakeTmp'

Run Build Command(s): /opt/homebrew/Cellar/cmake/3.30.5/bin/cmake -E env VERBOSE=1 /usr/bin/make -f Makefile cmTC_dbe34/fast
/Applications/Xcode.app/Contents/Developer/usr/bin/make  -f CMakeFiles/cmTC_dbe34.dir/build.make CMakeFiles/cmTC_dbe34.dir/build
Building C object CMakeFiles/cmTC_dbe34.dir/CurlTests.c.o
/usr/bin/clang   -DHAVE_GETHOSTBYNAME_R_6_REENTRANT  -DHAVE_LIBSSH2_H -DHAVE_STDIO_H -DHAVE_INTTYPES_H -DHAVE_SYS_FILIO_H -DHAVE_SYS_IOCTL_H -DHAVE_SYS_PARAM_H -DHAVE_SYS_POLL_H -DHAVE_SYS_RESOURCE_H -DHAVE_SYS_SELECT_H -DHAVE_SYS_SOCKET_H -DHAVE_SYS_SOCKIO_H -DHAVE_SYS_STAT_H -DHAVE_SYS_TIME_H -DHAVE_SYS_TYPES_H -DHAVE_SYS_UIO_H -DHAVE_SYS_UN_H -DHAVE_SYS_XATTR_H -DHAVE_ALLOCA_H -DHAVE_ARPA_INET_H -DHAVE_ARPA_TFTP_H -DHAVE_ASSERT_H -DHAVE_ERRNO_H -DHAVE_FCNTL_H -DHAVE_IDN2_H -DHAVE_IFADDRS_H -DHAVE_LIBGEN_H -DHAVE_LOCALE_H -DHAVE_NET_IF_H -DHAVE_NETDB_H -DHAVE_NETINET_IN_H -DHAVE_NETINET_TCP_H -DHAVE_POLL_H -DHAVE_PWD_H -DHAVE_SETJMP_H -DHAVE_SIGNAL_H -DHAVE_STDBOOL_H -DHAVE_STDINT_H -DHAVE_STDIO_H -DHAVE_STDLIB_H -DHAVE_STRING_H -DHAVE_STRINGS_H -DHAVE_TERMIOS_H -DHAVE_TIME_H -DHAVE_UNISTD_H -DHAVE_UTIME_H -DHAVE_STDDEF_H -DHAVE_DLFCN_H -DHAVE_MEMORY_H -DHAVE_NETINET_IF_ETHER_H -DHAVE_STDINT_H -DHAVE_SYS_UTSNAME_H -arch arm64 -isysroot /Applications/Xcode.app/Contents/Developer/Platforms/MacOSX.platform/Developer/SDKs/MacOSX14.5.sdk -mmacosx-version-min=14.4 -MD -MT CMakeFiles/cmTC_dbe34.dir/CurlTests.c.o -MF CMakeFiles/cmTC_dbe34.dir/CurlTests.c.o.d -o CMakeFiles/cmTC_dbe34.dir/CurlTests.c.o -c /Users/ostepan/Desktop/GitHub/arbitrage-sports-betting/build/_deps/curl-src/CMake/CurlTests.c
/Users/ostepan/Desktop/GitHub/arbitrage-sports-betting/build/_deps/curl-src/CMake/CurlTests.c:116:8: error: call to undeclared function 'gethostbyname_r'; ISO C99 and later do not support implicit function declarations [-Wimplicit-function-declaration]
  rc = gethostbyname_r(address, &h, buffer, 8192, &hp, &h_errnop);
       ^
1 error generated.
make[1]: *** [CMakeFiles/cmTC_dbe34.dir/CurlTests.c.o] Error 1
make: *** [cmTC_dbe34/fast] Error 2


Performing Curl Test HAVE_GLIBC_STRERROR_R failed with the following output:
Change Dir: '/Users/ostepan/Desktop/GitHub/arbitrage-sports-betting/build/CMakeFiles/CMakeTmp'

Run Build Command(s): /opt/homebrew/Cellar/cmake/3.30.5/bin/cmake -E env VERBOSE=1 /usr/bin/make -f Makefile cmTC_50397/fast
/Applications/Xcode.app/Contents/Developer/usr/bin/make  -f CMakeFiles/cmTC_50397.dir/build.make CMakeFiles/cmTC_50397.dir/build
Building C object CMakeFiles/cmTC_50397.dir/CurlTests.c.o
/usr/bin/clang   -DHAVE_GLIBC_STRERROR_R  -DHAVE_LIBSSH2_H -DHAVE_STDIO_H -DHAVE_INTTYPES_H -DHAVE_SYS_FILIO_H -DHAVE_SYS_IOCTL_H -DHAVE_SYS_PARAM_H -DHAVE_SYS_POLL_H -DHAVE_SYS_RESOURCE_H -DHAVE_SYS_SELECT_H -DHAVE_SYS_SOCKET_H -DHAVE_SYS_SOCKIO_H -DHAVE_SYS_STAT_H -DHAVE_SYS_TIME_H -DHAVE_SYS_TYPES_H -DHAVE_SYS_UIO_H -DHAVE_SYS_UN_H -DHAVE_SYS_XATTR_H -DHAVE_ALLOCA_H -DHAVE_ARPA_INET_H -DHAVE_ARPA_TFTP_H -DHAVE_ASSERT_H -DHAVE_ERRNO_H -DHAVE_FCNTL_H -DHAVE_IDN2_H -DHAVE_IFADDRS_H -DHAVE_LIBGEN_H -DHAVE_LOCALE_H -DHAVE_NET_IF_H -DHAVE_NETDB_H -DHAVE_NETINET_IN_H -DHAVE_NETINET_TCP_H -DHAVE_POLL_H -DHAVE_PWD_H -DHAVE_SETJMP_H -DHAVE_SIGNAL_H -DHAVE_STDBOOL_H -DHAVE_STDINT_H -DHAVE_STDIO_H -DHAVE_STDLIB_H -DHAVE_STRING_H -DHAVE_STRINGS_H -DHAVE_TERMIOS_H -DHAVE_TIME_H -DHAVE_UNISTD_H -DHAVE_UTIME_H -DHAVE_STDDEF_H -DHAVE_DLFCN_H -DHAVE_MEMORY_H -DHAVE_NETINET_IF_ETHER_H -DHAVE_STDINT_H -DHAVE_SYS_UTSNAME_H -arch arm64 -isysroot /Applications/Xcode.app/Contents/Developer/Platforms/MacOSX.platform/Developer/SDKs/MacOSX14.5.sdk -mmacosx-version-min=14.4 -MD -MT CMakeFiles/cmTC_50397.dir/CurlTests.c.o -MF CMakeFiles/cmTC_50397.dir/CurlTests.c.o.d -o CMakeFiles/cmTC_50397.dir/CurlTests.c.o -c /Users/ostepan/Desktop/GitHub/arbitrage-sports-betting/build/_deps/curl-src/CMake/CurlTests.c
/Users/ostepan/Desktop/GitHub/arbitrage-sports-betting/build/_deps/curl-src/CMake/CurlTests.c:440:51: error: subscripted value is not an array, pointer, or vector
  check(strerror_r(EACCES, buffer, sizeof(buffer))[0]);
        ~~~~~~~~~~~~~~~~~~~~~~~~~~~~~~~~~~~~~~~~~~^~
1 error generated.
make[1]: *** [CMakeFiles/cmTC_50397.dir/CurlTests.c.o] Error 1
make: *** [cmTC_50397/fast] Error 2


